C:\Program Files (x86)\MSBuild\Current\Imports\Microsoft.Common.props\ImportBefore\Microsoft.NuGet.ImportBefore.props(16,3): warning MSB4011: "C:\Program Files (x86)\Microsoft Visual Studio\2019\Enterprise\MSBuild\Microsoft\NuGet\16.0\Microsoft.NuGet.props" cannot be imported again. It was already imported at "C:\Program Files (x86)\Microsoft Visual Studio\2019\Enterprise\MSBuild\Current\Imports\Microsoft.Common.props\ImportBefore\Microsoft.NuGet.ImportBefore.props (16,3)". This is most likely a build authoring error. This subsequent import will be ignored. [D:\testdummyrepo\cppast-master\build\src\cppast.vcxproj]
C:\Program Files (x86)\MSBuild\Current\Microsoft.Common.targets\ImportAfter\Microsoft.NuGet.ImportAfter.targets(16,3): warning MSB4011: "C:\Program Files (x86)\Microsoft Visual Studio\2019\Enterprise\MSBuild\Microsoft\NuGet\16.0\Microsoft.NuGet.targets" cannot be imported again. It was already imported at "C:\Program Files (x86)\Microsoft Visual Studio\2019\Enterprise\MSBuild\Current\Microsoft.Common.targets\ImportAfter\Microsoft.NuGet.ImportAfter.targets (16,3)". This is most likely a build authoring error. This subsequent import will be ignored. [D:\testdummyrepo\cppast-master\build\src\cppast.vcxproj]
  Building Custom Rule D:/testdummyrepo/cppast-master/src/CMakeLists.txt
  code_generator.cpp
  cpp_alias_template.cpp
  cpp_attribute.cpp
  cpp_class.cpp
  cpp_class_template.cpp
  cpp_entity.cpp
  cpp_entity_index.cpp
  cpp_entity_kind.cpp
  cpp_enum.cpp
  cpp_expression.cpp
  cpp_file.cpp
  cpp_forward_declarable.cpp
  cpp_friend.cpp
  cpp_function.cpp
  cpp_function_template.cpp
  cpp_language_linkage.cpp
  cpp_member_function.cpp
  cpp_member_variable.cpp
  cpp_namespace.cpp
  cpp_preprocessor.cpp
  Generating Code...
  Compiling...
  cpp_static_assert.cpp
  cpp_template_parameter.cpp
  cpp_token.cpp
  cpp_type.cpp
  cpp_type_alias.cpp
  cpp_variable.cpp
  cpp_variable_template.cpp
  diagnostic_logger.cpp
  visitor.cpp
  class_parser.cpp
  cxtokenizer.cpp
  debug_helper.cpp
  enum_parser.cpp
  expression_parser.cpp
  friend_parser.cpp
  function_parser.cpp
  language_linkage_parser.cpp
  libclang_parser.cpp
  namespace_parser.cpp
  parse_functions.cpp
  Generating Code...
  Compiling...
  preprocessor.cpp
  template_parser.cpp
  type_parser.cpp
  variable_parser.cpp
  Generating Code...
  cppast.vcxproj -> D:\testdummyrepo\cppast-master\build\src\Debug\cppast.lib
